====================================================================================================
CSV詳細分析レポート
作成日時: 2025-11-04 08:10:51 +0000
====================================================================================================

📄 ファイル名: 中学歴史.csv
----------------------------------------------------------------------------------------------------
【基本情報】
  • データ行数: 276行
  • 列数: 7列

【ヘッダー情報】
  列1: 年号
  列2: 登場人物
  列3: 史実名 ⭐️ [固定列3: 選択肢生成に使用]
  列4: 解説
  列5: 関連史実
  列6: 関連分野
  列7: 難易度

【固定列3の詳細】
  • 列名: 史実名
  • ユニーク値数: 249
  • 空白値数: 0
  • 平均文字数: 8.5文字

【固定列3のサンプル値（最初の5件）】
  1. 大和政権の成立
  2. 聖徳太子の摂政
  3. 十七条憲法の制定
  4. 大化の改新
  5. 大宝律令の制定

【CSV種類判定】
  判定結果: 中学歴史
  説明: 固定列3は「史実名」- 歴史的出来事の名称が選択肢として表示されます


📄 ファイル名: 中学古典単語.csv
----------------------------------------------------------------------------------------------------
【基本情報】
  • データ行数: 352行
  • 列数: 7列

【ヘッダー情報】
  列1: 語句
  列2: 発音
  列3: 意味 ⭐️ [固定列3: 選択肢生成に使用]
  列4: 用法
  列5: 関連語
  列6: 関連分野
  列7: 難易度

【固定列3の詳細】
  • 列名: 意味
  • ユニーク値数: 351
  • 空白値数: 0
  • 平均文字数: 7.1文字

【固定列3のサンプル値（最初の5件）】
  1. とても
  2. しみじみとした情趣
  3. 趣がある・面白い
  4. やはり・やっぱり
  5. すぐに・そのまま

【CSV種類判定】
  判定結果: 中学英単語・英会話
  説明: 固定列3は「和訳」- 英語表現の日本語訳が選択肢として表示されます


📄 ファイル名: 中学英単語.csv
----------------------------------------------------------------------------------------------------
【基本情報】
  • データ行数: 308行
  • 列数: 7列

【ヘッダー情報】
  列1: 語句
  列2: 発音
  列3: 和訳 ⭐️ [固定列3: 選択肢生成に使用]
  列4: 語源等解説
  列5: 関連語と意味
  列6: 関連分野
  列7: 難易度

【固定列3の詳細】
  • 列名: 和訳
  • ユニーク値数: 295
  • 空白値数: 0
  • 平均文字数: 3.9文字

【固定列3のサンプル値（最初の5件）】
  1. リンゴ
  2. 鳥
  3. 猫
  4. 犬
  5. ネズミ

【CSV種類判定】
  判定結果: 中学英単語・英会話
  説明: 固定列3は「和訳」- 英語表現の日本語訳が選択肢として表示されます


📄 ファイル名: 中学英会話.csv
----------------------------------------------------------------------------------------------------
【基本情報】
  • データ行数: 156行
  • 列数: 7列

【ヘッダー情報】
  列1: 語句
  列2: 発音
  列3: 和訳 ⭐️ [固定列3: 選択肢生成に使用]
  列4: 語源等解説
  列5: 関連語と意味
  列6: 関連分野
  列7: 難易度

【固定列3の詳細】
  • 列名: 和訳
  • ユニーク値数: 156
  • 空白値数: 0
  • 平均文字数: 10.6文字

【固定列3のサンプル値（最初の5件）】
  1. こんにちは
  2. 元気ですか
  3. アイム ファイン サンキュー
  4. はじめまして
  5. 私の名前はケンです

【CSV種類判定】
  判定結果: 中学英単語・英会話
  説明: 固定列3は「和訳」- 英語表現の日本語訳が選択肢として表示されます


📄 ファイル名: xcode.csv
----------------------------------------------------------------------------------------------------
【基本情報】
  • データ行数: 73行
  • 列数: 7列

【ヘッダー情報】
  列1: 語句
  列2: 発音
  列3: 和訳 ⭐️ [固定列3: 選択肢生成に使用]
  列4: 語源等解説
  列5: 関連語と意味
  列6: 関連分野
  列7: 難易度

【固定列3の詳細】
  • 列名: 和訳
  • ユニーク値数: 73
  • 空白値数: 0
  • 平均文字数: 5.0文字

【固定列3のサンプル値（最初の5件）】
  1. 変数宣言
  2. 定数宣言
  3. 関数定義
  4. クラス定義
  5. 構造体定義

【CSV種類判定】
  判定結果: 中学英単語・英会話
  説明: 固定列3は「和訳」- 英語表現の日本語訳が選択肢として表示されます


====================================================================================================
全体サマリー
====================================================================================================

📊 統計情報
  • CSVファイル数: 5ファイル
  • 総データ行数: 1165行
  • 総選択肢候補数: 1165個

📋 各ファイルの行数
  • 中学歴史.csv: 276行 (23.7%)
  • 中学古典単語.csv: 352行 (30.2%)
  • 中学英単語.csv: 308行 (26.4%)
  • 中学英会話.csv: 156行 (13.4%)
  • xcode.csv: 73行 (6.3%)

✅ 検証結果
  🎉 全CSVファイルで固定列3が正しく設定されています
  • 空白値: 0件
  • すべての行が選択肢として正しく表示されます

====================================================================================================
分析完了
====================================================================================================
